<?xml version="1.0" encoding="UTF-8"?>
<testng-results ignored="0" total="1" passed="1" failed="0" skipped="0">
  <reporter-output>
  </reporter-output>
  <suite started-at="2022-02-15T18:02:38 PST" name="Default suite" finished-at="2022-02-15T18:02:57 PST" duration-ms="19536">
    <groups>
      <group name="cucumber">
        <method signature="AbstractTestNGCucumberTests.runScenario(io.cucumber.testng.PickleWrapper,io.cucumber.testng.FeatureWrapper)[pri:0, instance:runner.TestRunner@3f197a46]" name="runScenario" class="io.cucumber.testng.AbstractTestNGCucumberTests"/>
      </group> <!-- cucumber -->
    </groups>
    <test started-at="2022-02-15T18:02:38 PST" name="Default test" finished-at="2022-02-15T18:02:57 PST" duration-ms="19536">
      <class name="runner.TestRunner">
        <test-method is-config="true" signature="setUpClass(org.testng.ITestContext)[pri:0, instance:runner.TestRunner@3f197a46]" started-at="2022-02-15T18:02:38 PST" name="setUpClass" finished-at="2022-02-15T18:02:38 PST" duration-ms="458" status="PASS">
          <params>
            <param index="0">
              <value>
                <![CDATA[org.testng.TestRunner@33956d1a]]>
              </value>
            </param>
          </params>
          <reporter-output>
          </reporter-output>
        </test-method> <!-- setUpClass -->
        <test-method signature="runScenario(io.cucumber.testng.PickleWrapper,io.cucumber.testng.FeatureWrapper)[pri:0, instance:runner.TestRunner@3f197a46]" started-at="2022-02-15T18:02:38 PST" name="runScenario" description="Runs Cucumber Scenarios" data-provider="scenarios" finished-at="2022-02-15T18:02:57 PST" duration-ms="19001" status="PASS">
          <params>
            <param index="0">
              <value>
                <![CDATA["check remember me"]]>
              </value>
            </param>
            <param index="1">
              <value>
                <![CDATA["Optional[login to salesforce application]"]]>
              </value>
            </param>
          </params>
          <reporter-output>
          </reporter-output>
        </test-method> <!-- runScenario -->
        <test-method is-config="true" signature="tearDownClass()[pri:0, instance:runner.TestRunner@3f197a46]" started-at="2022-02-15T18:02:57 PST" name="tearDownClass" finished-at="2022-02-15T18:02:57 PST" duration-ms="21" status="PASS">
          <reporter-output>
          </reporter-output>
        </test-method> <!-- tearDownClass -->
      </class> <!-- runner.TestRunner -->
    </test> <!-- Default test -->
  </suite> <!-- Default suite -->
</testng-results>
